#-----------------------------------------------------------
# Vivado v2019.1 (64-bit)
# SW Build 2552052 on Fri May 24 14:49:42 MDT 2019
# IP Build 2548770 on Fri May 24 18:01:18 MDT 2019
# Start of session at: Wed Jun 12 15:45:45 2024
# Process ID: 23412
# Current directory: C:/Users/86138/Desktop/FPGA/verilog/adder1
# Command line: vivado.exe -gui_launcher_event rodinguilauncherevent3000 C:\Users\86138\Desktop\FPGA\verilog\adder1\adder1.xpr
# Log file: C:/Users/86138/Desktop/FPGA/verilog/adder1/vivado.log
# Journal file: C:/Users/86138/Desktop/FPGA/verilog/adder1\vivado.jou
#-----------------------------------------------------------
start_gui
open_project C:/Users/86138/Desktop/FPGA/verilog/adder1/adder1.xpr
Scanning sources...
Finished scanning sources
INFO: [IP_Flow 19-234] Refreshing IP repositories
INFO: [IP_Flow 19-1704] No user IP repositories specified
INFO: [IP_Flow 19-2313] Loaded Vivado IP repository 'D:/Vivado/Vivado/2019.1/data/ip'.
update_compile_order -fileset sources_1
exit
INFO: [Common 17-206] Exiting Vivado at Wed Jun 12 15:52:00 2024...
