#-----------------------------------------------------------
# Vivado v2019.1 (64-bit)
# SW Build 2552052 on Fri May 24 14:49:42 MDT 2019
# IP Build 2548770 on Fri May 24 18:01:18 MDT 2019
# Start of session at: Thu Jun 13 15:37:30 2024
# Process ID: 3636
# Current directory: D:/FPGA/verilog/adder_BCD
# Command line: vivado.exe -gui_launcher_event rodinguilauncherevent23796 D:\FPGA\verilog\adder_BCD\adder_BCD.xpr
# Log file: D:/FPGA/verilog/adder_BCD/vivado.log
# Journal file: D:/FPGA/verilog/adder_BCD\vivado.jou
#-----------------------------------------------------------
start_gui
open_project D:/FPGA/verilog/adder_BCD/adder_BCD.xpr
Scanning sources...
Finished scanning sources
INFO: [IP_Flow 19-234] Refreshing IP repositories
INFO: [IP_Flow 19-1704] No user IP repositories specified
INFO: [IP_Flow 19-2313] Loaded Vivado IP repository 'D:/Vivado/Vivado/2019.1/data/ip'.
update_compile_order -fileset sources_1
launch_simulation
INFO: [Vivado 12-5682] Launching behavioral simulation in 'D:/FPGA/verilog/adder_BCD/adder_BCD.sim/sim_1/behav/xsim'
INFO: [SIM-utils-51] Simulation object is 'sim_1'
INFO: [SIM-utils-54] Inspecting design source files for 'add_BCD_tb' in fileset 'sim_1'...
INFO: [USF-XSim-97] Finding global include files...
INFO: [USF-XSim-98] Fetching design files from 'sim_1'...
INFO: [USF-XSim-2] XSim::Compile design
INFO: [USF-XSim-61] Executing 'COMPILE and ANALYZE' step in 'D:/FPGA/verilog/adder_BCD/adder_BCD.sim/sim_1/behav/xsim'
"xvlog --incr --relax -prj add_BCD_tb_vlog.prj"
INFO: [VRFC 10-2263] Analyzing Verilog file "D:/FPGA/verilog/adder_BCD/adder_BCD.srcs/sources_1/new/adder_BCD.v" into library xil_defaultlib
INFO: [VRFC 10-311] analyzing module add_BCD
INFO: [VRFC 10-2263] Analyzing Verilog file "D:/FPGA/verilog/adder_BCD/adder_BCD.srcs/sources_1/new/smg_drive.v" into library xil_defaultlib
INFO: [VRFC 10-311] analyzing module smg_drive
INFO: [VRFC 10-2263] Analyzing Verilog file "D:/FPGA/verilog/adder_BCD/adder_BCD.srcs/sim_1/new/add_BCD_tb.v" into library xil_defaultlib
INFO: [VRFC 10-311] analyzing module add_BCD_tb
INFO: [USF-XSim-69] 'compile' step finished in '1' seconds
INFO: [USF-XSim-3] XSim::Elaborate design
INFO: [USF-XSim-61] Executing 'ELABORATE' step in 'D:/FPGA/verilog/adder_BCD/adder_BCD.sim/sim_1/behav/xsim'
"xelab -wto d3e3886604a149e8be3f377b4fae7acb --incr --debug typical --relax --mt 2 -L xil_defaultlib -L unisims_ver -L unimacro_ver -L secureip --snapshot add_BCD_tb_behav xil_defaultlib.add_BCD_tb xil_defaultlib.glbl -log elaborate.log"
Vivado Simulator 2019.1
Copyright 1986-1999, 2001-2019 Xilinx, Inc. All Rights Reserved.
Running: D:/Vivado/Vivado/2019.1/bin/unwrapped/win64.o/xelab.exe -wto d3e3886604a149e8be3f377b4fae7acb --incr --debug typical --relax --mt 2 -L xil_defaultlib -L unisims_ver -L unimacro_ver -L secureip --snapshot add_BCD_tb_behav xil_defaultlib.add_BCD_tb xil_defaultlib.glbl -log elaborate.log 
Using 2 slave threads.
Starting static elaboration
Completed static elaboration
Starting simulation data flow analysis
Completed simulation data flow analysis
Time Resolution for simulation is 1ps
Compiling module xil_defaultlib.smg_drive
Compiling module xil_defaultlib.add_BCD
Compiling module xil_defaultlib.add_BCD_tb
Compiling module xil_defaultlib.glbl
Built simulation snapshot add_BCD_tb_behav
INFO: [USF-XSim-69] 'elaborate' step finished in '2' seconds
INFO: [USF-XSim-4] XSim::Simulate design
INFO: [USF-XSim-61] Executing 'SIMULATE' step in 'D:/FPGA/verilog/adder_BCD/adder_BCD.sim/sim_1/behav/xsim'
INFO: [USF-XSim-98] *** Running xsim
   with args "add_BCD_tb_behav -key {Behavioral:sim_1:Functional:add_BCD_tb} -tclbatch {add_BCD_tb.tcl} -log {simulate.log}"
INFO: [USF-XSim-8] Loading simulator feature
Vivado Simulator 2019.1
Time resolution is 1 ps
source add_BCD_tb.tcl
# set curr_wave [current_wave_config]
# if { [string length $curr_wave] == 0 } {
#   if { [llength [get_objects]] > 0} {
#     add_wave /
#     set_property needs_save false [current_wave_config]
#   } else {
#      send_msg_id Add_Wave-1 WARNING "No top level signals found. Simulator will start without a wave window. If you want to open a wave window go to 'File->New Waveform Configuration' or type 'create_wave_config' in the TCL console."
#   }
# }
# run 1000ns
INFO: [USF-XSim-96] XSim completed. Design snapshot 'add_BCD_tb_behav' loaded.
INFO: [USF-XSim-97] XSim simulation ran for 1000ns
launch_simulation: Time (s): cpu = 00:00:02 ; elapsed = 00:00:05 . Memory (MB): peak = 845.699 ; gain = 19.012
run all
close_sim
INFO: [Simtcl 6-16] Simulation closed
exit
INFO: [Common 17-206] Exiting Vivado at Thu Jun 13 15:42:49 2024...
