#! /c/Source/iverilog-install/bin/vvp
:ivl_version "12.0 (devel)" "(s20150603-1110-g18392a46)";
:ivl_delay_selection "TYPICAL";
:vpi_time_precision - 12;
:vpi_module "D:\VERILO~1\iverilog\lib\ivl\system.vpi";
:vpi_module "D:\VERILO~1\iverilog\lib\ivl\vhdl_sys.vpi";
:vpi_module "D:\VERILO~1\iverilog\lib\ivl\vhdl_textio.vpi";
:vpi_module "D:\VERILO~1\iverilog\lib\ivl\v2005_math.vpi";
:vpi_module "D:\VERILO~1\iverilog\lib\ivl\va_math.vpi";
S_00000156289a9150 .scope module, "adder16" "adder16" 2 34;
 .timescale -9 -12;
    .port_info 0 /INPUT 16 "a";
    .port_info 1 /INPUT 16 "b";
    .port_info 2 /INPUT 1 "c_in";
    .port_info 3 /OUTPUT 1 "c_out";
    .port_info 4 /OUTPUT 16 "sum";
v0000015628a50c60_0 .net "C_out", 3 0, L_0000015628dec220;  1 drivers
o00000156289f2008 .functor BUFZ 16, C4<zzzzzzzzzzzzzzzz>; HiZ drive
v0000015628a515c0_0 .net "a", 15 0, o00000156289f2008;  0 drivers
o00000156289f2038 .functor BUFZ 16, C4<zzzzzzzzzzzzzzzz>; HiZ drive
v0000015628a510c0_0 .net "b", 15 0, o00000156289f2038;  0 drivers
o00000156289ee438 .functor BUFZ 1, C4<z>; HiZ drive
v0000015628a51c00_0 .net "c_in", 0 0, o00000156289ee438;  0 drivers
v0000015628a51ca0_0 .net "c_out", 0 0, L_0000015628deae20;  1 drivers
v0000015628a51d40_0 .net "sum", 15 0, L_0000015628dea240;  1 drivers
L_0000015628a53960 .part o00000156289f2008, 4, 4;
L_0000015628a53a00 .part o00000156289f2038, 4, 4;
L_0000015628a540e0 .part L_0000015628dec220, 0, 1;
L_0000015628a58750 .part o00000156289f2008, 8, 4;
L_0000015628a59bf0 .part o00000156289f2038, 8, 4;
L_0000015628a59c90 .part L_0000015628dec220, 1, 1;
L_0000015628a5b1d0 .part o00000156289f2008, 12, 4;
L_0000015628a5a9b0 .part o00000156289f2038, 12, 4;
L_0000015628a59f10 .part L_0000015628dec220, 2, 1;
L_0000015628deb640 .part o00000156289f2008, 0, 4;
L_0000015628debc80 .part o00000156289f2038, 0, 4;
L_0000015628dec220 .concat8 [ 1 1 1 1], L_0000015628deaa60, L_0000015628a551c0, L_0000015628a57990, L_0000015628a5a4b0;
L_0000015628dea240 .concat8 [ 4 4 4 4], L_0000015628deb140, L_0000015628a54fe0, L_0000015628a57d50, L_0000015628a5a870;
L_0000015628deae20 .part L_0000015628dec220, 3, 1;
S_00000156289a92e0 .scope module, "adder16_0" "adder4" 2 42, 2 53 0, S_00000156289a9150;
 .timescale -9 -12;
    .port_info 0 /INPUT 4 "a";
    .port_info 1 /INPUT 4 "b";
    .port_info 2 /INPUT 1 "c_in";
    .port_info 3 /OUTPUT 1 "c_out";
    .port_info 4 /OUTPUT 4 "sum";
v0000015628a47f30_0 .net "C_out", 3 0, L_0000015628dec2c0;  1 drivers
v0000015628a47030_0 .net "a", 3 0, L_0000015628deb640;  1 drivers
v0000015628a47fd0_0 .net "b", 3 0, L_0000015628debc80;  1 drivers
v0000015628a475d0_0 .net "c_in", 0 0, o00000156289ee438;  alias, 0 drivers
v0000015628a487f0_0 .net "c_out", 0 0, L_0000015628deaa60;  1 drivers
v0000015628a47990_0 .net "sum", 3 0, L_0000015628deb140;  1 drivers
L_0000015628a59fb0 .part L_0000015628deb640, 1, 1;
L_0000015628a5aa50 .part L_0000015628debc80, 1, 1;
L_0000015628a5ab90 .part L_0000015628dec2c0, 0, 1;
L_0000015628a5aff0 .part L_0000015628deb640, 2, 1;
L_0000015628a5b450 .part L_0000015628debc80, 2, 1;
L_0000015628a5a050 .part L_0000015628dec2c0, 1, 1;
L_0000015628debdc0 .part L_0000015628deb640, 3, 1;
L_0000015628dec7c0 .part L_0000015628debc80, 3, 1;
L_0000015628dea2e0 .part L_0000015628dec2c0, 2, 1;
L_0000015628deb000 .part L_0000015628deb640, 0, 1;
L_0000015628dec680 .part L_0000015628debc80, 0, 1;
L_0000015628dec2c0 .concat8 [ 1 1 1 1], L_0000015628dea100, L_0000015628a5ae10, L_0000015628a5b3b0, L_0000015628a5b090;
L_0000015628deb140 .concat8 [ 1 1 1 1], L_0000015628deb460, L_0000015628a5a5f0, L_0000015628a5a550, L_0000015628a5b4f0;
L_0000015628deaa60 .part L_0000015628dec2c0, 3, 1;
S_0000015628951630 .scope module, "adder_0" "adder1" 2 61, 2 23 0, S_00000156289a92e0;
 .timescale -9 -12;
    .port_info 0 /INPUT 1 "a";
    .port_info 1 /INPUT 1 "b";
    .port_info 2 /INPUT 1 "c_in";
    .port_info 3 /OUTPUT 1 "c_out";
    .port_info 4 /OUTPUT 1 "sum";
L_0000015628da0d78 .functor BUFT 1, C4<0>, C4<0>, C4<0>, C4<0>;
v00000156289ec4c0_0 .net *"_ivl_10", 0 0, L_0000015628da0d78;  1 drivers
v00000156289eabc0_0 .net *"_ivl_11", 1 0, L_0000015628deb500;  1 drivers
v00000156289eba20_0 .net *"_ivl_13", 1 0, L_0000015628dec0e0;  1 drivers
L_0000015628da0dc0 .functor BUFT 1, C4<0>, C4<0>, C4<0>, C4<0>;
v00000156289eb7a0_0 .net *"_ivl_16", 0 0, L_0000015628da0dc0;  1 drivers
v00000156289eaf80_0 .net *"_ivl_17", 1 0, L_0000015628deaf60;  1 drivers
v00000156289eb160_0 .net *"_ivl_3", 1 0, L_0000015628deaba0;  1 drivers
L_0000015628da0d30 .functor BUFT 1, C4<0>, C4<0>, C4<0>, C4<0>;
v00000156289ebac0_0 .net *"_ivl_6", 0 0, L_0000015628da0d30;  1 drivers
v00000156289eb480_0 .net *"_ivl_7", 1 0, L_0000015628dead80;  1 drivers
v00000156289ebf20_0 .net "a", 0 0, L_0000015628deb000;  1 drivers
v00000156289eae40_0 .net "b", 0 0, L_0000015628dec680;  1 drivers
v00000156289eb0c0_0 .net "c_in", 0 0, o00000156289ee438;  alias, 0 drivers
v00000156289ebb60_0 .net "c_out", 0 0, L_0000015628dea100;  1 drivers
v00000156289ebde0_0 .net "sum", 0 0, L_0000015628deb460;  1 drivers
L_0000015628dea100 .part L_0000015628deaf60, 1, 1;
L_0000015628deb460 .part L_0000015628deaf60, 0, 1;
L_0000015628deaba0 .concat [ 1 1 0 0], L_0000015628deb000, L_0000015628da0d30;
L_0000015628dead80 .concat [ 1 1 0 0], L_0000015628dec680, L_0000015628da0d78;
L_0000015628deb500 .arith/sum 2, L_0000015628deaba0, L_0000015628dead80;
L_0000015628dec0e0 .concat [ 1 1 0 0], o00000156289ee438, L_0000015628da0dc0;
L_0000015628deaf60 .arith/sum 2, L_0000015628deb500, L_0000015628dec0e0;
S_00000156289517c0 .scope generate, "adderi[1]" "adderi[1]" 2 64, 2 64 0, S_00000156289a92e0;
 .timescale -9 -12;
P_00000156289e47a0 .param/l "i" 0 2 64, +C4<01>;
S_0000015628951950 .scope module, "adder_i" "adder1" 2 66, 2 23 0, S_00000156289517c0;
 .timescale -9 -12;
    .port_info 0 /INPUT 1 "a";
    .port_info 1 /INPUT 1 "b";
    .port_info 2 /INPUT 1 "c_in";
    .port_info 3 /OUTPUT 1 "c_out";
    .port_info 4 /OUTPUT 1 "sum";
L_0000015628da0af0 .functor BUFT 1, C4<0>, C4<0>, C4<0>, C4<0>;
v00000156289eb5c0_0 .net *"_ivl_10", 0 0, L_0000015628da0af0;  1 drivers
v00000156289ebc00_0 .net *"_ivl_11", 1 0, L_0000015628a5aeb0;  1 drivers
v00000156289eb520_0 .net *"_ivl_13", 1 0, L_0000015628a5a690;  1 drivers
L_0000015628da0b38 .functor BUFT 1, C4<0>, C4<0>, C4<0>, C4<0>;
v00000156289eb660_0 .net *"_ivl_16", 0 0, L_0000015628da0b38;  1 drivers
v00000156289ec740_0 .net *"_ivl_17", 1 0, L_0000015628a5b270;  1 drivers
v00000156289ebca0_0 .net *"_ivl_3", 1 0, L_0000015628a5a2d0;  1 drivers
L_0000015628da0aa8 .functor BUFT 1, C4<0>, C4<0>, C4<0>, C4<0>;
v00000156289eb200_0 .net *"_ivl_6", 0 0, L_0000015628da0aa8;  1 drivers
v00000156289ec2e0_0 .net *"_ivl_7", 1 0, L_0000015628a5a7d0;  1 drivers
v00000156289eb700_0 .net "a", 0 0, L_0000015628a59fb0;  1 drivers
v00000156289eac60_0 .net "b", 0 0, L_0000015628a5aa50;  1 drivers
v00000156289ec1a0_0 .net "c_in", 0 0, L_0000015628a5ab90;  1 drivers
v00000156289ebd40_0 .net "c_out", 0 0, L_0000015628a5ae10;  1 drivers
v00000156289ebe80_0 .net "sum", 0 0, L_0000015628a5a5f0;  1 drivers
L_0000015628a5ae10 .part L_0000015628a5b270, 1, 1;
L_0000015628a5a5f0 .part L_0000015628a5b270, 0, 1;
L_0000015628a5a2d0 .concat [ 1 1 0 0], L_0000015628a59fb0, L_0000015628da0aa8;
L_0000015628a5a7d0 .concat [ 1 1 0 0], L_0000015628a5aa50, L_0000015628da0af0;
L_0000015628a5aeb0 .arith/sum 2, L_0000015628a5a2d0, L_0000015628a5a7d0;
L_0000015628a5a690 .concat [ 1 1 0 0], L_0000015628a5ab90, L_0000015628da0b38;
L_0000015628a5b270 .arith/sum 2, L_0000015628a5aeb0, L_0000015628a5a690;
S_0000015628a45350 .scope generate, "adderi[2]" "adderi[2]" 2 64, 2 64 0, S_00000156289a92e0;
 .timescale -9 -12;
P_00000156289e3da0 .param/l "i" 0 2 64, +C4<010>;
S_0000015628a454e0 .scope module, "adder_i" "adder1" 2 66, 2 23 0, S_0000015628a45350;
 .timescale -9 -12;
    .port_info 0 /INPUT 1 "a";
    .port_info 1 /INPUT 1 "b";
    .port_info 2 /INPUT 1 "c_in";
    .port_info 3 /OUTPUT 1 "c_out";
    .port_info 4 /OUTPUT 1 "sum";
L_0000015628da0bc8 .functor BUFT 1, C4<0>, C4<0>, C4<0>, C4<0>;
v00000156289ec420_0 .net *"_ivl_10", 0 0, L_0000015628da0bc8;  1 drivers
v00000156289ebfc0_0 .net *"_ivl_11", 1 0, L_0000015628a5ad70;  1 drivers
v00000156289ec100_0 .net *"_ivl_13", 1 0, L_0000015628a5a370;  1 drivers
L_0000015628da0c10 .functor BUFT 1, C4<0>, C4<0>, C4<0>, C4<0>;
v00000156289ec920_0 .net *"_ivl_16", 0 0, L_0000015628da0c10;  1 drivers
v00000156289ec240_0 .net *"_ivl_17", 1 0, L_0000015628a5a410;  1 drivers
v00000156289ec380_0 .net *"_ivl_3", 1 0, L_0000015628a5ac30;  1 drivers
L_0000015628da0b80 .functor BUFT 1, C4<0>, C4<0>, C4<0>, C4<0>;
v00000156289ec880_0 .net *"_ivl_6", 0 0, L_0000015628da0b80;  1 drivers
v00000156289ec600_0 .net *"_ivl_7", 1 0, L_0000015628a5acd0;  1 drivers
v00000156289ec6a0_0 .net "a", 0 0, L_0000015628a5aff0;  1 drivers
v00000156289ec9c0_0 .net "b", 0 0, L_0000015628a5b450;  1 drivers
v00000156289eca60_0 .net "c_in", 0 0, L_0000015628a5a050;  1 drivers
v00000156289d4420_0 .net "c_out", 0 0, L_0000015628a5b3b0;  1 drivers
v00000156289d28a0_0 .net "sum", 0 0, L_0000015628a5a550;  1 drivers
L_0000015628a5b3b0 .part L_0000015628a5a410, 1, 1;
L_0000015628a5a550 .part L_0000015628a5a410, 0, 1;
L_0000015628a5ac30 .concat [ 1 1 0 0], L_0000015628a5aff0, L_0000015628da0b80;
L_0000015628a5acd0 .concat [ 1 1 0 0], L_0000015628a5b450, L_0000015628da0bc8;
L_0000015628a5ad70 .arith/sum 2, L_0000015628a5ac30, L_0000015628a5acd0;
L_0000015628a5a370 .concat [ 1 1 0 0], L_0000015628a5a050, L_0000015628da0c10;
L_0000015628a5a410 .arith/sum 2, L_0000015628a5ad70, L_0000015628a5a370;
S_0000015628a46680 .scope generate, "adderi[3]" "adderi[3]" 2 64, 2 64 0, S_00000156289a92e0;
 .timescale -9 -12;
P_00000156289e3de0 .param/l "i" 0 2 64, +C4<011>;
S_0000015628a46810 .scope module, "adder_i" "adder1" 2 66, 2 23 0, S_0000015628a46680;
 .timescale -9 -12;
    .port_info 0 /INPUT 1 "a";
    .port_info 1 /INPUT 1 "b";
    .port_info 2 /INPUT 1 "c_in";
    .port_info 3 /OUTPUT 1 "c_out";
    .port_info 4 /OUTPUT 1 "sum";
L_0000015628da0ca0 .functor BUFT 1, C4<0>, C4<0>, C4<0>, C4<0>;
v00000156289d2b20_0 .net *"_ivl_10", 0 0, L_0000015628da0ca0;  1 drivers
v00000156289d30c0_0 .net *"_ivl_11", 1 0, L_0000015628a5a230;  1 drivers
v00000156289d3520_0 .net *"_ivl_13", 1 0, L_0000015628dec5e0;  1 drivers
L_0000015628da0ce8 .functor BUFT 1, C4<0>, C4<0>, C4<0>, C4<0>;
v00000156289d35c0_0 .net *"_ivl_16", 0 0, L_0000015628da0ce8;  1 drivers
v00000156289b91a0_0 .net *"_ivl_17", 1 0, L_0000015628deab00;  1 drivers
v00000156289b9240_0 .net *"_ivl_3", 1 0, L_0000015628a5a0f0;  1 drivers
L_0000015628da0c58 .functor BUFT 1, C4<0>, C4<0>, C4<0>, C4<0>;
v00000156289c36a0_0 .net *"_ivl_6", 0 0, L_0000015628da0c58;  1 drivers
v00000156289c4460_0 .net *"_ivl_7", 1 0, L_0000015628a5a190;  1 drivers
v0000015628a46bd0_0 .net "a", 0 0, L_0000015628debdc0;  1 drivers
v0000015628a46c70_0 .net "b", 0 0, L_0000015628dec7c0;  1 drivers
v0000015628a47850_0 .net "c_in", 0 0, L_0000015628dea2e0;  1 drivers
v0000015628a478f0_0 .net "c_out", 0 0, L_0000015628a5b090;  1 drivers
v0000015628a47e90_0 .net "sum", 0 0, L_0000015628a5b4f0;  1 drivers
L_0000015628a5b090 .part L_0000015628deab00, 1, 1;
L_0000015628a5b4f0 .part L_0000015628deab00, 0, 1;
L_0000015628a5a0f0 .concat [ 1 1 0 0], L_0000015628debdc0, L_0000015628da0c58;
L_0000015628a5a190 .concat [ 1 1 0 0], L_0000015628dec7c0, L_0000015628da0ca0;
L_0000015628a5a230 .arith/sum 2, L_0000015628a5a0f0, L_0000015628a5a190;
L_0000015628dec5e0 .concat [ 1 1 0 0], L_0000015628dea2e0, L_0000015628da0ce8;
L_0000015628deab00 .arith/sum 2, L_0000015628a5a230, L_0000015628dec5e0;
S_0000015628a489b0 .scope generate, "adderi[1]" "adderi[1]" 2 45, 2 45 0, S_00000156289a9150;
 .timescale -9 -12;
P_00000156289e48e0 .param/l "i" 0 2 45, +C4<01>;
S_0000015628a48b40 .scope module, "adder16_i" "adder4" 2 47, 2 53 0, S_0000015628a489b0;
 .timescale -9 -12;
    .port_info 0 /INPUT 4 "a";
    .port_info 1 /INPUT 4 "b";
    .port_info 2 /INPUT 1 "c_in";
    .port_info 3 /OUTPUT 1 "c_out";
    .port_info 4 /OUTPUT 4 "sum";
v0000015628a4bef0_0 .net "C_out", 3 0, L_0000015628a55580;  1 drivers
v0000015628a4ae10_0 .net "a", 3 0, L_0000015628a53960;  1 drivers
v0000015628a4ab90_0 .net "b", 3 0, L_0000015628a53a00;  1 drivers
v0000015628a4b270_0 .net "c_in", 0 0, L_0000015628a540e0;  1 drivers
v0000015628a4acd0_0 .net "c_out", 0 0, L_0000015628a551c0;  1 drivers
v0000015628a4b4f0_0 .net "sum", 3 0, L_0000015628a54fe0;  1 drivers
L_0000015628a51e80 .part L_0000015628a53960, 1, 1;
L_0000015628a51200 .part L_0000015628a53a00, 1, 1;
L_0000015628a54180 .part L_0000015628a55580, 0, 1;
L_0000015628a53d20 .part L_0000015628a53960, 2, 1;
L_0000015628a538c0 .part L_0000015628a53a00, 2, 1;
L_0000015628a54360 .part L_0000015628a55580, 1, 1;
L_0000015628a53820 .part L_0000015628a53960, 3, 1;
L_0000015628a54e00 .part L_0000015628a53a00, 3, 1;
L_0000015628a54ae0 .part L_0000015628a55580, 2, 1;
L_0000015628a54040 .part L_0000015628a53960, 0, 1;
L_0000015628a55080 .part L_0000015628a53a00, 0, 1;
L_0000015628a55580 .concat8 [ 1 1 1 1], L_0000015628a547c0, L_0000015628a50da0, L_0000015628a53e60, L_0000015628a544a0;
L_0000015628a54fe0 .concat8 [ 1 1 1 1], L_0000015628a53780, L_0000015628a50ee0, L_0000015628a54400, L_0000015628a53f00;
L_0000015628a551c0 .part L_0000015628a55580, 3, 1;
S_0000015628a48cd0 .scope module, "adder_0" "adder1" 2 61, 2 23 0, S_0000015628a48b40;
 .timescale -9 -12;
    .port_info 0 /INPUT 1 "a";
    .port_info 1 /INPUT 1 "b";
    .port_info 2 /INPUT 1 "c_in";
    .port_info 3 /OUTPUT 1 "c_out";
    .port_info 4 /OUTPUT 1 "sum";
L_0000015628da0358 .functor BUFT 1, C4<0>, C4<0>, C4<0>, C4<0>;
v0000015628a48250_0 .net *"_ivl_10", 0 0, L_0000015628da0358;  1 drivers
v0000015628a48070_0 .net *"_ivl_11", 1 0, L_0000015628a54860;  1 drivers
v0000015628a48890_0 .net *"_ivl_13", 1 0, L_0000015628a54c20;  1 drivers
L_0000015628da03a0 .functor BUFT 1, C4<0>, C4<0>, C4<0>, C4<0>;
v0000015628a47a30_0 .net *"_ivl_16", 0 0, L_0000015628da03a0;  1 drivers
v0000015628a48110_0 .net *"_ivl_17", 1 0, L_0000015628a54900;  1 drivers
v0000015628a47530_0 .net *"_ivl_3", 1 0, L_0000015628a54720;  1 drivers
L_0000015628da0310 .functor BUFT 1, C4<0>, C4<0>, C4<0>, C4<0>;
v0000015628a481b0_0 .net *"_ivl_6", 0 0, L_0000015628da0310;  1 drivers
v0000015628a48610_0 .net *"_ivl_7", 1 0, L_0000015628a53c80;  1 drivers
v0000015628a472b0_0 .net "a", 0 0, L_0000015628a54040;  1 drivers
v0000015628a47350_0 .net "b", 0 0, L_0000015628a55080;  1 drivers
v0000015628a482f0_0 .net "c_in", 0 0, L_0000015628a540e0;  alias, 1 drivers
v0000015628a48750_0 .net "c_out", 0 0, L_0000015628a547c0;  1 drivers
v0000015628a47670_0 .net "sum", 0 0, L_0000015628a53780;  1 drivers
L_0000015628a547c0 .part L_0000015628a54900, 1, 1;
L_0000015628a53780 .part L_0000015628a54900, 0, 1;
L_0000015628a54720 .concat [ 1 1 0 0], L_0000015628a54040, L_0000015628da0310;
L_0000015628a53c80 .concat [ 1 1 0 0], L_0000015628a55080, L_0000015628da0358;
L_0000015628a54860 .arith/sum 2, L_0000015628a54720, L_0000015628a53c80;
L_0000015628a54c20 .concat [ 1 1 0 0], L_0000015628a540e0, L_0000015628da03a0;
L_0000015628a54900 .arith/sum 2, L_0000015628a54860, L_0000015628a54c20;
S_0000015628a48e60 .scope generate, "adderi[1]" "adderi[1]" 2 64, 2 64 0, S_0000015628a48b40;
 .timescale -9 -12;
P_00000156289e4460 .param/l "i" 0 2 64, +C4<01>;
S_0000015628a48ff0 .scope module, "adder_i" "adder1" 2 66, 2 23 0, S_0000015628a48e60;
 .timescale -9 -12;
    .port_info 0 /INPUT 1 "a";
    .port_info 1 /INPUT 1 "b";
    .port_info 2 /INPUT 1 "c_in";
    .port_info 3 /OUTPUT 1 "c_out";
    .port_info 4 /OUTPUT 1 "sum";
L_0000015628da00d0 .functor BUFT 1, C4<0>, C4<0>, C4<0>, C4<0>;
v0000015628a484d0_0 .net *"_ivl_10", 0 0, L_0000015628da00d0;  1 drivers
v0000015628a47ad0_0 .net *"_ivl_11", 1 0, L_0000015628a51020;  1 drivers
v0000015628a47210_0 .net *"_ivl_13", 1 0, L_0000015628a51480;  1 drivers
L_0000015628da0118 .functor BUFT 1, C4<0>, C4<0>, C4<0>, C4<0>;
v0000015628a470d0_0 .net *"_ivl_16", 0 0, L_0000015628da0118;  1 drivers
v0000015628a48390_0 .net *"_ivl_17", 1 0, L_0000015628a51de0;  1 drivers
v0000015628a47170_0 .net *"_ivl_3", 1 0, L_0000015628a51340;  1 drivers
L_0000015628da0088 .functor BUFT 1, C4<0>, C4<0>, C4<0>, C4<0>;
v0000015628a477b0_0 .net *"_ivl_6", 0 0, L_0000015628da0088;  1 drivers
v0000015628a46ef0_0 .net *"_ivl_7", 1 0, L_0000015628a50f80;  1 drivers
v0000015628a47c10_0 .net "a", 0 0, L_0000015628a51e80;  1 drivers
v0000015628a47b70_0 .net "b", 0 0, L_0000015628a51200;  1 drivers
v0000015628a469f0_0 .net "c_in", 0 0, L_0000015628a54180;  1 drivers
v0000015628a47710_0 .net "c_out", 0 0, L_0000015628a50da0;  1 drivers
v0000015628a46a90_0 .net "sum", 0 0, L_0000015628a50ee0;  1 drivers
L_0000015628a50da0 .part L_0000015628a51de0, 1, 1;
L_0000015628a50ee0 .part L_0000015628a51de0, 0, 1;
L_0000015628a51340 .concat [ 1 1 0 0], L_0000015628a51e80, L_0000015628da0088;
L_0000015628a50f80 .concat [ 1 1 0 0], L_0000015628a51200, L_0000015628da00d0;
L_0000015628a51020 .arith/sum 2, L_0000015628a51340, L_0000015628a50f80;
L_0000015628a51480 .concat [ 1 1 0 0], L_0000015628a54180, L_0000015628da0118;
L_0000015628a51de0 .arith/sum 2, L_0000015628a51020, L_0000015628a51480;
S_0000015628a49180 .scope generate, "adderi[2]" "adderi[2]" 2 64, 2 64 0, S_0000015628a48b40;
 .timescale -9 -12;
P_00000156289e3d60 .param/l "i" 0 2 64, +C4<010>;
S_0000015628a49310 .scope module, "adder_i" "adder1" 2 66, 2 23 0, S_0000015628a49180;
 .timescale -9 -12;
    .port_info 0 /INPUT 1 "a";
    .port_info 1 /INPUT 1 "b";
    .port_info 2 /INPUT 1 "c_in";
    .port_info 3 /OUTPUT 1 "c_out";
    .port_info 4 /OUTPUT 1 "sum";
L_0000015628da01a8 .functor BUFT 1, C4<0>, C4<0>, C4<0>, C4<0>;
v0000015628a47cb0_0 .net *"_ivl_10", 0 0, L_0000015628da01a8;  1 drivers
v0000015628a46b30_0 .net *"_ivl_11", 1 0, L_0000015628a53be0;  1 drivers
v0000015628a47d50_0 .net *"_ivl_13", 1 0, L_0000015628a54d60;  1 drivers
L_0000015628da01f0 .functor BUFT 1, C4<0>, C4<0>, C4<0>, C4<0>;
v0000015628a47df0_0 .net *"_ivl_16", 0 0, L_0000015628da01f0;  1 drivers
v0000015628a46f90_0 .net *"_ivl_17", 1 0, L_0000015628a54f40;  1 drivers
v0000015628a473f0_0 .net *"_ivl_3", 1 0, L_0000015628a53b40;  1 drivers
L_0000015628da0160 .functor BUFT 1, C4<0>, C4<0>, C4<0>, C4<0>;
v0000015628a48430_0 .net *"_ivl_6", 0 0, L_0000015628da0160;  1 drivers
v0000015628a47490_0 .net *"_ivl_7", 1 0, L_0000015628a54540;  1 drivers
v0000015628a48570_0 .net "a", 0 0, L_0000015628a53d20;  1 drivers
v0000015628a46e50_0 .net "b", 0 0, L_0000015628a538c0;  1 drivers
v0000015628a486b0_0 .net "c_in", 0 0, L_0000015628a54360;  1 drivers
v0000015628a46d10_0 .net "c_out", 0 0, L_0000015628a53e60;  1 drivers
v0000015628a46db0_0 .net "sum", 0 0, L_0000015628a54400;  1 drivers
L_0000015628a53e60 .part L_0000015628a54f40, 1, 1;
L_0000015628a54400 .part L_0000015628a54f40, 0, 1;
L_0000015628a53b40 .concat [ 1 1 0 0], L_0000015628a53d20, L_0000015628da0160;
L_0000015628a54540 .concat [ 1 1 0 0], L_0000015628a538c0, L_0000015628da01a8;
L_0000015628a53be0 .arith/sum 2, L_0000015628a53b40, L_0000015628a54540;
L_0000015628a54d60 .concat [ 1 1 0 0], L_0000015628a54360, L_0000015628da01f0;
L_0000015628a54f40 .arith/sum 2, L_0000015628a53be0, L_0000015628a54d60;
S_0000015628a494a0 .scope generate, "adderi[3]" "adderi[3]" 2 64, 2 64 0, S_0000015628a48b40;
 .timescale -9 -12;
P_00000156289e43e0 .param/l "i" 0 2 64, +C4<011>;
S_0000015628a49810 .scope module, "adder_i" "adder1" 2 66, 2 23 0, S_0000015628a494a0;
 .timescale -9 -12;
    .port_info 0 /INPUT 1 "a";
    .port_info 1 /INPUT 1 "b";
    .port_info 2 /INPUT 1 "c_in";
    .port_info 3 /OUTPUT 1 "c_out";
    .port_info 4 /OUTPUT 1 "sum";
L_0000015628da0280 .functor BUFT 1, C4<0>, C4<0>, C4<0>, C4<0>;
v0000015628a4b6d0_0 .net *"_ivl_10", 0 0, L_0000015628da0280;  1 drivers
v0000015628a4b1d0_0 .net *"_ivl_11", 1 0, L_0000015628a55120;  1 drivers
v0000015628a4a910_0 .net *"_ivl_13", 1 0, L_0000015628a53fa0;  1 drivers
L_0000015628da02c8 .functor BUFT 1, C4<0>, C4<0>, C4<0>, C4<0>;
v0000015628a4bf90_0 .net *"_ivl_16", 0 0, L_0000015628da02c8;  1 drivers
v0000015628a4c3f0_0 .net *"_ivl_17", 1 0, L_0000015628a553a0;  1 drivers
v0000015628a4b770_0 .net *"_ivl_3", 1 0, L_0000015628a536e0;  1 drivers
L_0000015628da0238 .functor BUFT 1, C4<0>, C4<0>, C4<0>, C4<0>;
v0000015628a4a730_0 .net *"_ivl_6", 0 0, L_0000015628da0238;  1 drivers
v0000015628a4c2b0_0 .net *"_ivl_7", 1 0, L_0000015628a545e0;  1 drivers
v0000015628a4bc70_0 .net "a", 0 0, L_0000015628a53820;  1 drivers
v0000015628a4aaf0_0 .net "b", 0 0, L_0000015628a54e00;  1 drivers
v0000015628a4b810_0 .net "c_in", 0 0, L_0000015628a54ae0;  1 drivers
v0000015628a4b3b0_0 .net "c_out", 0 0, L_0000015628a544a0;  1 drivers
v0000015628a4c030_0 .net "sum", 0 0, L_0000015628a53f00;  1 drivers
L_0000015628a544a0 .part L_0000015628a553a0, 1, 1;
L_0000015628a53f00 .part L_0000015628a553a0, 0, 1;
L_0000015628a536e0 .concat [ 1 1 0 0], L_0000015628a53820, L_0000015628da0238;
L_0000015628a545e0 .concat [ 1 1 0 0], L_0000015628a54e00, L_0000015628da0280;
L_0000015628a55120 .arith/sum 2, L_0000015628a536e0, L_0000015628a545e0;
L_0000015628a53fa0 .concat [ 1 1 0 0], L_0000015628a54ae0, L_0000015628da02c8;
L_0000015628a553a0 .arith/sum 2, L_0000015628a55120, L_0000015628a53fa0;
S_0000015628a499a0 .scope generate, "adderi[2]" "adderi[2]" 2 45, 2 45 0, S_00000156289a9150;
 .timescale -9 -12;
P_00000156289e4aa0 .param/l "i" 0 2 45, +C4<010>;
S_0000015628a49680 .scope module, "adder16_i" "adder4" 2 47, 2 53 0, S_0000015628a499a0;
 .timescale -9 -12;
    .port_info 0 /INPUT 4 "a";
    .port_info 1 /INPUT 4 "b";
    .port_info 2 /INPUT 1 "c_in";
    .port_info 3 /OUTPUT 1 "c_out";
    .port_info 4 /OUTPUT 4 "sum";
v0000015628a4df00_0 .net "C_out", 3 0, L_0000015628a58390;  1 drivers
v0000015628a4c920_0 .net "a", 3 0, L_0000015628a58750;  1 drivers
v0000015628a4cba0_0 .net "b", 3 0, L_0000015628a59bf0;  1 drivers
v0000015628a4dfa0_0 .net "c_in", 0 0, L_0000015628a59c90;  1 drivers
v0000015628a4d8c0_0 .net "c_out", 0 0, L_0000015628a57990;  1 drivers
v0000015628a4cd80_0 .net "sum", 3 0, L_0000015628a57d50;  1 drivers
L_0000015628a54ea0 .part L_0000015628a58750, 1, 1;
L_0000015628a55300 .part L_0000015628a59bf0, 1, 1;
L_0000015628a55260 .part L_0000015628a58390, 0, 1;
L_0000015628a58e30 .part L_0000015628a58750, 2, 1;
L_0000015628a593d0 .part L_0000015628a59bf0, 2, 1;
L_0000015628a57fd0 .part L_0000015628a58390, 1, 1;
L_0000015628a59470 .part L_0000015628a58750, 3, 1;
L_0000015628a598d0 .part L_0000015628a59bf0, 3, 1;
L_0000015628a59ab0 .part L_0000015628a58390, 2, 1;
L_0000015628a581b0 .part L_0000015628a58750, 0, 1;
L_0000015628a58070 .part L_0000015628a59bf0, 0, 1;
L_0000015628a58390 .concat8 [ 1 1 1 1], L_0000015628a589d0, L_0000015628a54cc0, L_0000015628a549a0, L_0000015628a59290;
L_0000015628a57d50 .concat8 [ 1 1 1 1], L_0000015628a582f0, L_0000015628a54a40, L_0000015628a542c0, L_0000015628a57df0;
L_0000015628a57990 .part L_0000015628a58390, 3, 1;
S_0000015628a49cc0 .scope module, "adder_0" "adder1" 2 61, 2 23 0, S_0000015628a49680;
 .timescale -9 -12;
    .port_info 0 /INPUT 1 "a";
    .port_info 1 /INPUT 1 "b";
    .port_info 2 /INPUT 1 "c_in";
    .port_info 3 /OUTPUT 1 "c_out";
    .port_info 4 /OUTPUT 1 "sum";
L_0000015628da06b8 .functor BUFT 1, C4<0>, C4<0>, C4<0>, C4<0>;
v0000015628a4b590_0 .net *"_ivl_10", 0 0, L_0000015628da06b8;  1 drivers
v0000015628a4aeb0_0 .net *"_ivl_11", 1 0, L_0000015628a596f0;  1 drivers
v0000015628a4c350_0 .net *"_ivl_13", 1 0, L_0000015628a59510;  1 drivers
L_0000015628da0700 .functor BUFT 1, C4<0>, C4<0>, C4<0>, C4<0>;
v0000015628a4c490_0 .net *"_ivl_16", 0 0, L_0000015628da0700;  1 drivers
v0000015628a4b310_0 .net *"_ivl_17", 1 0, L_0000015628a58930;  1 drivers
v0000015628a4bd10_0 .net *"_ivl_3", 1 0, L_0000015628a57e90;  1 drivers
L_0000015628da0670 .functor BUFT 1, C4<0>, C4<0>, C4<0>, C4<0>;
v0000015628a4ad70_0 .net *"_ivl_6", 0 0, L_0000015628da0670;  1 drivers
v0000015628a4aa50_0 .net *"_ivl_7", 1 0, L_0000015628a595b0;  1 drivers
v0000015628a4bdb0_0 .net "a", 0 0, L_0000015628a581b0;  1 drivers
v0000015628a4ac30_0 .net "b", 0 0, L_0000015628a58070;  1 drivers
v0000015628a4a690_0 .net "c_in", 0 0, L_0000015628a59c90;  alias, 1 drivers
v0000015628a4b450_0 .net "c_out", 0 0, L_0000015628a589d0;  1 drivers
v0000015628a4b630_0 .net "sum", 0 0, L_0000015628a582f0;  1 drivers
L_0000015628a589d0 .part L_0000015628a58930, 1, 1;
L_0000015628a582f0 .part L_0000015628a58930, 0, 1;
L_0000015628a57e90 .concat [ 1 1 0 0], L_0000015628a581b0, L_0000015628da0670;
L_0000015628a595b0 .concat [ 1 1 0 0], L_0000015628a58070, L_0000015628da06b8;
L_0000015628a596f0 .arith/sum 2, L_0000015628a57e90, L_0000015628a595b0;
L_0000015628a59510 .concat [ 1 1 0 0], L_0000015628a59c90, L_0000015628da0700;
L_0000015628a58930 .arith/sum 2, L_0000015628a596f0, L_0000015628a59510;
S_0000015628a49e50 .scope generate, "adderi[1]" "adderi[1]" 2 64, 2 64 0, S_0000015628a49680;
 .timescale -9 -12;
P_00000156289e4220 .param/l "i" 0 2 64, +C4<01>;
S_0000015628a49b30 .scope module, "adder_i" "adder1" 2 66, 2 23 0, S_0000015628a49e50;
 .timescale -9 -12;
    .port_info 0 /INPUT 1 "a";
    .port_info 1 /INPUT 1 "b";
    .port_info 2 /INPUT 1 "c_in";
    .port_info 3 /OUTPUT 1 "c_out";
    .port_info 4 /OUTPUT 1 "sum";
L_0000015628da0430 .functor BUFT 1, C4<0>, C4<0>, C4<0>, C4<0>;
v0000015628a4c0d0_0 .net *"_ivl_10", 0 0, L_0000015628da0430;  1 drivers
v0000015628a4c530_0 .net *"_ivl_11", 1 0, L_0000015628a53dc0;  1 drivers
v0000015628a4af50_0 .net *"_ivl_13", 1 0, L_0000015628a54680;  1 drivers
L_0000015628da0478 .functor BUFT 1, C4<0>, C4<0>, C4<0>, C4<0>;
v0000015628a4c170_0 .net *"_ivl_16", 0 0, L_0000015628da0478;  1 drivers
v0000015628a4b8b0_0 .net *"_ivl_17", 1 0, L_0000015628a54220;  1 drivers
v0000015628a4c210_0 .net *"_ivl_3", 1 0, L_0000015628a53aa0;  1 drivers
L_0000015628da03e8 .functor BUFT 1, C4<0>, C4<0>, C4<0>, C4<0>;
v0000015628a4aff0_0 .net *"_ivl_6", 0 0, L_0000015628da03e8;  1 drivers
v0000015628a4a7d0_0 .net *"_ivl_7", 1 0, L_0000015628a54b80;  1 drivers
v0000015628a4b950_0 .net "a", 0 0, L_0000015628a54ea0;  1 drivers
v0000015628a4a870_0 .net "b", 0 0, L_0000015628a55300;  1 drivers
v0000015628a4a9b0_0 .net "c_in", 0 0, L_0000015628a55260;  1 drivers
v0000015628a4b090_0 .net "c_out", 0 0, L_0000015628a54cc0;  1 drivers
v0000015628a4b130_0 .net "sum", 0 0, L_0000015628a54a40;  1 drivers
L_0000015628a54cc0 .part L_0000015628a54220, 1, 1;
L_0000015628a54a40 .part L_0000015628a54220, 0, 1;
L_0000015628a53aa0 .concat [ 1 1 0 0], L_0000015628a54ea0, L_0000015628da03e8;
L_0000015628a54b80 .concat [ 1 1 0 0], L_0000015628a55300, L_0000015628da0430;
L_0000015628a53dc0 .arith/sum 2, L_0000015628a53aa0, L_0000015628a54b80;
L_0000015628a54680 .concat [ 1 1 0 0], L_0000015628a55260, L_0000015628da0478;
L_0000015628a54220 .arith/sum 2, L_0000015628a53dc0, L_0000015628a54680;
S_0000015628a49fe0 .scope generate, "adderi[2]" "adderi[2]" 2 64, 2 64 0, S_0000015628a49680;
 .timescale -9 -12;
P_00000156289e48a0 .param/l "i" 0 2 64, +C4<010>;
S_0000015628a4a170 .scope module, "adder_i" "adder1" 2 66, 2 23 0, S_0000015628a49fe0;
 .timescale -9 -12;
    .port_info 0 /INPUT 1 "a";
    .port_info 1 /INPUT 1 "b";
    .port_info 2 /INPUT 1 "c_in";
    .port_info 3 /OUTPUT 1 "c_out";
    .port_info 4 /OUTPUT 1 "sum";
L_0000015628da0508 .functor BUFT 1, C4<0>, C4<0>, C4<0>, C4<0>;
v0000015628a4b9f0_0 .net *"_ivl_10", 0 0, L_0000015628da0508;  1 drivers
v0000015628a4ba90_0 .net *"_ivl_11", 1 0, L_0000015628a57f30;  1 drivers
v0000015628a4bb30_0 .net *"_ivl_13", 1 0, L_0000015628a59830;  1 drivers
L_0000015628da0550 .functor BUFT 1, C4<0>, C4<0>, C4<0>, C4<0>;
v0000015628a4bbd0_0 .net *"_ivl_16", 0 0, L_0000015628da0550;  1 drivers
v0000015628a4be50_0 .net *"_ivl_17", 1 0, L_0000015628a59330;  1 drivers
v0000015628a4d0a0_0 .net *"_ivl_3", 1 0, L_0000015628a55440;  1 drivers
L_0000015628da04c0 .functor BUFT 1, C4<0>, C4<0>, C4<0>, C4<0>;
v0000015628a4e540_0 .net *"_ivl_6", 0 0, L_0000015628da04c0;  1 drivers
v0000015628a4e220_0 .net *"_ivl_7", 1 0, L_0000015628a554e0;  1 drivers
v0000015628a4ce20_0 .net "a", 0 0, L_0000015628a58e30;  1 drivers
v0000015628a4d640_0 .net "b", 0 0, L_0000015628a593d0;  1 drivers
v0000015628a4d140_0 .net "c_in", 0 0, L_0000015628a57fd0;  1 drivers
v0000015628a4d960_0 .net "c_out", 0 0, L_0000015628a549a0;  1 drivers
v0000015628a4c6a0_0 .net "sum", 0 0, L_0000015628a542c0;  1 drivers
L_0000015628a549a0 .part L_0000015628a59330, 1, 1;
L_0000015628a542c0 .part L_0000015628a59330, 0, 1;
L_0000015628a55440 .concat [ 1 1 0 0], L_0000015628a58e30, L_0000015628da04c0;
L_0000015628a554e0 .concat [ 1 1 0 0], L_0000015628a593d0, L_0000015628da0508;
L_0000015628a57f30 .arith/sum 2, L_0000015628a55440, L_0000015628a554e0;
L_0000015628a59830 .concat [ 1 1 0 0], L_0000015628a57fd0, L_0000015628da0550;
L_0000015628a59330 .arith/sum 2, L_0000015628a57f30, L_0000015628a59830;
S_0000015628a4a300 .scope generate, "adderi[3]" "adderi[3]" 2 64, 2 64 0, S_0000015628a49680;
 .timescale -9 -12;
P_00000156289e4b60 .param/l "i" 0 2 64, +C4<011>;
S_0000015628a4a490 .scope module, "adder_i" "adder1" 2 66, 2 23 0, S_0000015628a4a300;
 .timescale -9 -12;
    .port_info 0 /INPUT 1 "a";
    .port_info 1 /INPUT 1 "b";
    .port_info 2 /INPUT 1 "c_in";
    .port_info 3 /OUTPUT 1 "c_out";
    .port_info 4 /OUTPUT 1 "sum";
L_0000015628da05e0 .functor BUFT 1, C4<0>, C4<0>, C4<0>, C4<0>;
v0000015628a4dbe0_0 .net *"_ivl_10", 0 0, L_0000015628da05e0;  1 drivers
v0000015628a4c740_0 .net *"_ivl_11", 1 0, L_0000015628a57710;  1 drivers
v0000015628a4d820_0 .net *"_ivl_13", 1 0, L_0000015628a58250;  1 drivers
L_0000015628da0628 .functor BUFT 1, C4<0>, C4<0>, C4<0>, C4<0>;
v0000015628a4e0e0_0 .net *"_ivl_16", 0 0, L_0000015628da0628;  1 drivers
v0000015628a4d320_0 .net *"_ivl_17", 1 0, L_0000015628a58110;  1 drivers
v0000015628a4e400_0 .net *"_ivl_3", 1 0, L_0000015628a578f0;  1 drivers
L_0000015628da0598 .functor BUFT 1, C4<0>, C4<0>, C4<0>, C4<0>;
v0000015628a4c880_0 .net *"_ivl_6", 0 0, L_0000015628da0598;  1 drivers
v0000015628a4da00_0 .net *"_ivl_7", 1 0, L_0000015628a59a10;  1 drivers
v0000015628a4cce0_0 .net "a", 0 0, L_0000015628a59470;  1 drivers
v0000015628a4c7e0_0 .net "b", 0 0, L_0000015628a598d0;  1 drivers
v0000015628a4d500_0 .net "c_in", 0 0, L_0000015628a59ab0;  1 drivers
v0000015628a4e180_0 .net "c_out", 0 0, L_0000015628a59290;  1 drivers
v0000015628a4cc40_0 .net "sum", 0 0, L_0000015628a57df0;  1 drivers
L_0000015628a59290 .part L_0000015628a58110, 1, 1;
L_0000015628a57df0 .part L_0000015628a58110, 0, 1;
L_0000015628a578f0 .concat [ 1 1 0 0], L_0000015628a59470, L_0000015628da0598;
L_0000015628a59a10 .concat [ 1 1 0 0], L_0000015628a598d0, L_0000015628da05e0;
L_0000015628a57710 .arith/sum 2, L_0000015628a578f0, L_0000015628a59a10;
L_0000015628a58250 .concat [ 1 1 0 0], L_0000015628a59ab0, L_0000015628da0628;
L_0000015628a58110 .arith/sum 2, L_0000015628a57710, L_0000015628a58250;
S_0000015628a4f010 .scope generate, "adderi[3]" "adderi[3]" 2 45, 2 45 0, S_00000156289a9150;
 .timescale -9 -12;
P_00000156289e3ca0 .param/l "i" 0 2 45, +C4<011>;
S_0000015628a4e6b0 .scope module, "adder16_i" "adder4" 2 47, 2 53 0, S_0000015628a4f010;
 .timescale -9 -12;
    .port_info 0 /INPUT 4 "a";
    .port_info 1 /INPUT 4 "b";
    .port_info 2 /INPUT 1 "c_in";
    .port_info 3 /OUTPUT 1 "c_out";
    .port_info 4 /OUTPUT 4 "sum";
v0000015628a51160_0 .net "C_out", 3 0, L_0000015628a5b130;  1 drivers
v0000015628a509e0_0 .net "a", 3 0, L_0000015628a5b1d0;  1 drivers
v0000015628a50e40_0 .net "b", 3 0, L_0000015628a5a9b0;  1 drivers
v0000015628a51b60_0 .net "c_in", 0 0, L_0000015628a59f10;  1 drivers
v0000015628a51ac0_0 .net "c_out", 0 0, L_0000015628a5a4b0;  1 drivers
v0000015628a50a80_0 .net "sum", 3 0, L_0000015628a5a870;  1 drivers
L_0000015628a59970 .part L_0000015628a5b1d0, 1, 1;
L_0000015628a58ed0 .part L_0000015628a5a9b0, 1, 1;
L_0000015628a59d30 .part L_0000015628a5b130, 0, 1;
L_0000015628a59b50 .part L_0000015628a5b1d0, 2, 1;
L_0000015628a58d90 .part L_0000015628a5a9b0, 2, 1;
L_0000015628a58890 .part L_0000015628a5b130, 1, 1;
L_0000015628a57cb0 .part L_0000015628a5b1d0, 3, 1;
L_0000015628a58610 .part L_0000015628a5a9b0, 3, 1;
L_0000015628a586b0 .part L_0000015628a5b130, 2, 1;
L_0000015628a5a730 .part L_0000015628a5b1d0, 0, 1;
L_0000015628a5b590 .part L_0000015628a5a9b0, 0, 1;
L_0000015628a5b130 .concat8 [ 1 1 1 1], L_0000015628a59010, L_0000015628a59e70, L_0000015628a58c50, L_0000015628a58570;
L_0000015628a5a870 .concat8 [ 1 1 1 1], L_0000015628a590b0, L_0000015628a587f0, L_0000015628a59650, L_0000015628a59dd0;
L_0000015628a5a4b0 .part L_0000015628a5b130, 3, 1;
S_0000015628a50460 .scope module, "adder_0" "adder1" 2 61, 2 23 0, S_0000015628a4e6b0;
 .timescale -9 -12;
    .port_info 0 /INPUT 1 "a";
    .port_info 1 /INPUT 1 "b";
    .port_info 2 /INPUT 1 "c_in";
    .port_info 3 /OUTPUT 1 "c_out";
    .port_info 4 /OUTPUT 1 "sum";
L_0000015628da0a18 .functor BUFT 1, C4<0>, C4<0>, C4<0>, C4<0>;
v0000015628a4ca60_0 .net *"_ivl_10", 0 0, L_0000015628da0a18;  1 drivers
v0000015628a4c9c0_0 .net *"_ivl_11", 1 0, L_0000015628a5b310;  1 drivers
v0000015628a4cec0_0 .net *"_ivl_13", 1 0, L_0000015628a5a910;  1 drivers
L_0000015628da0a60 .functor BUFT 1, C4<0>, C4<0>, C4<0>, C4<0>;
v0000015628a4db40_0 .net *"_ivl_16", 0 0, L_0000015628da0a60;  1 drivers
v0000015628a4e2c0_0 .net *"_ivl_17", 1 0, L_0000015628a5aaf0;  1 drivers
v0000015628a4d1e0_0 .net *"_ivl_3", 1 0, L_0000015628a591f0;  1 drivers
L_0000015628da09d0 .functor BUFT 1, C4<0>, C4<0>, C4<0>, C4<0>;
v0000015628a4dd20_0 .net *"_ivl_6", 0 0, L_0000015628da09d0;  1 drivers
v0000015628a4cf60_0 .net *"_ivl_7", 1 0, L_0000015628a5af50;  1 drivers
v0000015628a4d000_0 .net "a", 0 0, L_0000015628a5a730;  1 drivers
v0000015628a4daa0_0 .net "b", 0 0, L_0000015628a5b590;  1 drivers
v0000015628a4cb00_0 .net "c_in", 0 0, L_0000015628a59f10;  alias, 1 drivers
v0000015628a4dc80_0 .net "c_out", 0 0, L_0000015628a59010;  1 drivers
v0000015628a4d280_0 .net "sum", 0 0, L_0000015628a590b0;  1 drivers
L_0000015628a59010 .part L_0000015628a5aaf0, 1, 1;
L_0000015628a590b0 .part L_0000015628a5aaf0, 0, 1;
L_0000015628a591f0 .concat [ 1 1 0 0], L_0000015628a5a730, L_0000015628da09d0;
L_0000015628a5af50 .concat [ 1 1 0 0], L_0000015628a5b590, L_0000015628da0a18;
L_0000015628a5b310 .arith/sum 2, L_0000015628a591f0, L_0000015628a5af50;
L_0000015628a5a910 .concat [ 1 1 0 0], L_0000015628a59f10, L_0000015628da0a60;
L_0000015628a5aaf0 .arith/sum 2, L_0000015628a5b310, L_0000015628a5a910;
S_0000015628a4e840 .scope generate, "adderi[1]" "adderi[1]" 2 64, 2 64 0, S_0000015628a4e6b0;
 .timescale -9 -12;
P_00000156289e3f60 .param/l "i" 0 2 64, +C4<01>;
S_0000015628a50140 .scope module, "adder_i" "adder1" 2 66, 2 23 0, S_0000015628a4e840;
 .timescale -9 -12;
    .port_info 0 /INPUT 1 "a";
    .port_info 1 /INPUT 1 "b";
    .port_info 2 /INPUT 1 "c_in";
    .port_info 3 /OUTPUT 1 "c_out";
    .port_info 4 /OUTPUT 1 "sum";
L_0000015628da0790 .functor BUFT 1, C4<0>, C4<0>, C4<0>, C4<0>;
v0000015628a4d3c0_0 .net *"_ivl_10", 0 0, L_0000015628da0790;  1 drivers
v0000015628a4e4a0_0 .net *"_ivl_11", 1 0, L_0000015628a58b10;  1 drivers
v0000015628a4d460_0 .net *"_ivl_13", 1 0, L_0000015628a58bb0;  1 drivers
L_0000015628da07d8 .functor BUFT 1, C4<0>, C4<0>, C4<0>, C4<0>;
v0000015628a4d5a0_0 .net *"_ivl_16", 0 0, L_0000015628da07d8;  1 drivers
v0000015628a4ddc0_0 .net *"_ivl_17", 1 0, L_0000015628a58a70;  1 drivers
v0000015628a4de60_0 .net *"_ivl_3", 1 0, L_0000015628a57a30;  1 drivers
L_0000015628da0748 .functor BUFT 1, C4<0>, C4<0>, C4<0>, C4<0>;
v0000015628a4d6e0_0 .net *"_ivl_6", 0 0, L_0000015628da0748;  1 drivers
v0000015628a4e040_0 .net *"_ivl_7", 1 0, L_0000015628a58430;  1 drivers
v0000015628a4d780_0 .net "a", 0 0, L_0000015628a59970;  1 drivers
v0000015628a4e360_0 .net "b", 0 0, L_0000015628a58ed0;  1 drivers
v0000015628a522e0_0 .net "c_in", 0 0, L_0000015628a59d30;  1 drivers
v0000015628a51700_0 .net "c_out", 0 0, L_0000015628a59e70;  1 drivers
v0000015628a512a0_0 .net "sum", 0 0, L_0000015628a587f0;  1 drivers
L_0000015628a59e70 .part L_0000015628a58a70, 1, 1;
L_0000015628a587f0 .part L_0000015628a58a70, 0, 1;
L_0000015628a57a30 .concat [ 1 1 0 0], L_0000015628a59970, L_0000015628da0748;
L_0000015628a58430 .concat [ 1 1 0 0], L_0000015628a58ed0, L_0000015628da0790;
L_0000015628a58b10 .arith/sum 2, L_0000015628a57a30, L_0000015628a58430;
L_0000015628a58bb0 .concat [ 1 1 0 0], L_0000015628a59d30, L_0000015628da07d8;
L_0000015628a58a70 .arith/sum 2, L_0000015628a58b10, L_0000015628a58bb0;
S_0000015628a502d0 .scope generate, "adderi[2]" "adderi[2]" 2 64, 2 64 0, S_0000015628a4e6b0;
 .timescale -9 -12;
P_00000156289e49a0 .param/l "i" 0 2 64, +C4<010>;
S_0000015628a4e9d0 .scope module, "adder_i" "adder1" 2 66, 2 23 0, S_0000015628a502d0;
 .timescale -9 -12;
    .port_info 0 /INPUT 1 "a";
    .port_info 1 /INPUT 1 "b";
    .port_info 2 /INPUT 1 "c_in";
    .port_info 3 /OUTPUT 1 "c_out";
    .port_info 4 /OUTPUT 1 "sum";
L_0000015628da0868 .functor BUFT 1, C4<0>, C4<0>, C4<0>, C4<0>;
v0000015628a50800_0 .net *"_ivl_10", 0 0, L_0000015628da0868;  1 drivers
v0000015628a51660_0 .net *"_ivl_11", 1 0, L_0000015628a59790;  1 drivers
v0000015628a52240_0 .net *"_ivl_13", 1 0, L_0000015628a584d0;  1 drivers
L_0000015628da08b0 .functor BUFT 1, C4<0>, C4<0>, C4<0>, C4<0>;
v0000015628a51520_0 .net *"_ivl_16", 0 0, L_0000015628da08b0;  1 drivers
v0000015628a50bc0_0 .net *"_ivl_17", 1 0, L_0000015628a58cf0;  1 drivers
v0000015628a508a0_0 .net *"_ivl_3", 1 0, L_0000015628a57ad0;  1 drivers
L_0000015628da0820 .functor BUFT 1, C4<0>, C4<0>, C4<0>, C4<0>;
v0000015628a51a20_0 .net *"_ivl_6", 0 0, L_0000015628da0820;  1 drivers
v0000015628a52380_0 .net *"_ivl_7", 1 0, L_0000015628a59150;  1 drivers
v0000015628a50d00_0 .net "a", 0 0, L_0000015628a59b50;  1 drivers
v0000015628a52560_0 .net "b", 0 0, L_0000015628a58d90;  1 drivers
v0000015628a506c0_0 .net "c_in", 0 0, L_0000015628a58890;  1 drivers
v0000015628a517a0_0 .net "c_out", 0 0, L_0000015628a58c50;  1 drivers
v0000015628a513e0_0 .net "sum", 0 0, L_0000015628a59650;  1 drivers
L_0000015628a58c50 .part L_0000015628a58cf0, 1, 1;
L_0000015628a59650 .part L_0000015628a58cf0, 0, 1;
L_0000015628a57ad0 .concat [ 1 1 0 0], L_0000015628a59b50, L_0000015628da0820;
L_0000015628a59150 .concat [ 1 1 0 0], L_0000015628a58d90, L_0000015628da0868;
L_0000015628a59790 .arith/sum 2, L_0000015628a57ad0, L_0000015628a59150;
L_0000015628a584d0 .concat [ 1 1 0 0], L_0000015628a58890, L_0000015628da08b0;
L_0000015628a58cf0 .arith/sum 2, L_0000015628a59790, L_0000015628a584d0;
S_0000015628a4ffb0 .scope generate, "adderi[3]" "adderi[3]" 2 64, 2 64 0, S_0000015628a4e6b0;
 .timescale -9 -12;
P_00000156289e44e0 .param/l "i" 0 2 64, +C4<011>;
S_0000015628a4eb60 .scope module, "adder_i" "adder1" 2 66, 2 23 0, S_0000015628a4ffb0;
 .timescale -9 -12;
    .port_info 0 /INPUT 1 "a";
    .port_info 1 /INPUT 1 "b";
    .port_info 2 /INPUT 1 "c_in";
    .port_info 3 /OUTPUT 1 "c_out";
    .port_info 4 /OUTPUT 1 "sum";
L_0000015628da0940 .functor BUFT 1, C4<0>, C4<0>, C4<0>, C4<0>;
v0000015628a52420_0 .net *"_ivl_10", 0 0, L_0000015628da0940;  1 drivers
v0000015628a524c0_0 .net *"_ivl_11", 1 0, L_0000015628a57b70;  1 drivers
v0000015628a51980_0 .net *"_ivl_13", 1 0, L_0000015628a58f70;  1 drivers
L_0000015628da0988 .functor BUFT 1, C4<0>, C4<0>, C4<0>, C4<0>;
v0000015628a51fc0_0 .net *"_ivl_16", 0 0, L_0000015628da0988;  1 drivers
v0000015628a52100_0 .net *"_ivl_17", 1 0, L_0000015628a57c10;  1 drivers
v0000015628a51840_0 .net *"_ivl_3", 1 0, L_0000015628a577b0;  1 drivers
L_0000015628da08f8 .functor BUFT 1, C4<0>, C4<0>, C4<0>, C4<0>;
v0000015628a50760_0 .net *"_ivl_6", 0 0, L_0000015628da08f8;  1 drivers
v0000015628a521a0_0 .net *"_ivl_7", 1 0, L_0000015628a57850;  1 drivers
v0000015628a51f20_0 .net "a", 0 0, L_0000015628a57cb0;  1 drivers
v0000015628a52060_0 .net "b", 0 0, L_0000015628a58610;  1 drivers
v0000015628a50b20_0 .net "c_in", 0 0, L_0000015628a586b0;  1 drivers
v0000015628a50940_0 .net "c_out", 0 0, L_0000015628a58570;  1 drivers
v0000015628a518e0_0 .net "sum", 0 0, L_0000015628a59dd0;  1 drivers
L_0000015628a58570 .part L_0000015628a57c10, 1, 1;
L_0000015628a59dd0 .part L_0000015628a57c10, 0, 1;
L_0000015628a577b0 .concat [ 1 1 0 0], L_0000015628a57cb0, L_0000015628da08f8;
L_0000015628a57850 .concat [ 1 1 0 0], L_0000015628a58610, L_0000015628da0940;
L_0000015628a57b70 .arith/sum 2, L_0000015628a577b0, L_0000015628a57850;
L_0000015628a58f70 .concat [ 1 1 0 0], L_0000015628a586b0, L_0000015628da0988;
L_0000015628a57c10 .arith/sum 2, L_0000015628a57b70, L_0000015628a58f70;
# The file index is used to find the file name in the following table.
:file_names 3;
    "N/A";
    "<interactive>";
    "adder1.v";
