#-----------------------------------------------------------
# Vivado v2019.1 (64-bit)
# SW Build 2552052 on Fri May 24 14:49:42 MDT 2019
# IP Build 2548770 on Fri May 24 18:01:18 MDT 2019
# Start of session at: Fri Jun 21 22:56:32 2024
# Process ID: 21548
# Current directory: D:/FPGA/verilog/counter
# Command line: vivado.exe -gui_launcher_event rodinguilauncherevent2776 D:\FPGA\verilog\counter\counter.xpr
# Log file: D:/FPGA/verilog/counter/vivado.log
# Journal file: D:/FPGA/verilog/counter\vivado.jou
#-----------------------------------------------------------
start_gui
open_project D:/FPGA/verilog/counter/counter.xpr
Scanning sources...
Finished scanning sources
INFO: [IP_Flow 19-234] Refreshing IP repositories
INFO: [IP_Flow 19-1704] No user IP repositories specified
INFO: [IP_Flow 19-2313] Loaded Vivado IP repository 'D:/Vivado/Vivado/2019.1/data/ip'.
update_compile_order -fileset sources_1
reset_run synth_1
launch_runs synth_1 -jobs 6
[Fri Jun 21 22:59:23 2024] Launched synth_1...
Run output will be captured here: D:/FPGA/verilog/counter/counter.runs/synth_1/runme.log
reset_run synth_1
launch_runs synth_1 -jobs 6
[Fri Jun 21 23:00:02 2024] Launched synth_1...
Run output will be captured here: D:/FPGA/verilog/counter/counter.runs/synth_1/runme.log
launch_runs impl_1 -jobs 6
[Fri Jun 21 23:00:29 2024] Launched impl_1...
Run output will be captured here: D:/FPGA/verilog/counter/counter.runs/impl_1/runme.log
launch_runs impl_1 -to_step write_bitstream -jobs 6
[Fri Jun 21 23:01:15 2024] Launched impl_1...
Run output will be captured here: D:/FPGA/verilog/counter/counter.runs/impl_1/runme.log
reset_run synth_1
launch_runs synth_1 -jobs 6
[Fri Jun 21 23:02:21 2024] Launched synth_1...
Run output will be captured here: D:/FPGA/verilog/counter/counter.runs/synth_1/runme.log
launch_runs impl_1 -jobs 6
[Fri Jun 21 23:02:51 2024] Launched impl_1...
Run output will be captured here: D:/FPGA/verilog/counter/counter.runs/impl_1/runme.log
launch_runs impl_1 -to_step write_bitstream -jobs 6
[Fri Jun 21 23:03:59 2024] Launched impl_1...
Run output will be captured here: D:/FPGA/verilog/counter/counter.runs/impl_1/runme.log
open_hw
connect_hw_server
INFO: [Labtools 27-2285] Connecting to hw_server url TCP:localhost:3121
INFO: [Labtools 27-2222] Launching hw_server...
INFO: [Labtools 27-2221] Launch Output:

****** Xilinx hw_server v2019.1
  **** Build date : May 24 2019 at 15:13:31
    ** Copyright 1986-2019 Xilinx, Inc. All Rights Reserved.


open_hw_target
INFO: [Labtoolstcl 44-466] Opening hw_target localhost:3121/xilinx_tcf/Digilent/210251A08870
set_property PROGRAM.FILE {D:/FPGA/verilog/counter/counter.runs/impl_1/counter_top.bit} [get_hw_devices xc7a35t_0]
current_hw_device [get_hw_devices xc7a35t_0]
refresh_hw_device -update_hw_probes false [lindex [get_hw_devices xc7a35t_0] 0]
INFO: [Labtools 27-1434] Device xc7a35t (JTAG device index = 0) is programmed with a design that has no supported debug core(s) in it.
set_property PROBES.FILE {} [get_hw_devices xc7a35t_0]
set_property FULL_PROBES.FILE {} [get_hw_devices xc7a35t_0]
set_property PROGRAM.FILE {D:/FPGA/verilog/counter/counter.runs/impl_1/counter_top.bit} [get_hw_devices xc7a35t_0]
program_hw_devices [get_hw_devices xc7a35t_0]
INFO: [Labtools 27-3164] End of startup status: HIGH
refresh_hw_device [lindex [get_hw_devices xc7a35t_0] 0]
INFO: [Labtools 27-1434] Device xc7a35t (JTAG device index = 0) is programmed with a design that has no supported debug core(s) in it.
reset_run synth_1
launch_runs synth_1 -jobs 6
[Fri Jun 21 23:30:47 2024] Launched synth_1...
Run output will be captured here: D:/FPGA/verilog/counter/counter.runs/synth_1/runme.log
launch_runs impl_1 -jobs 6
[Fri Jun 21 23:31:15 2024] Launched impl_1...
Run output will be captured here: D:/FPGA/verilog/counter/counter.runs/impl_1/runme.log
launch_runs impl_1 -to_step write_bitstream -jobs 6
[Fri Jun 21 23:32:03 2024] Launched impl_1...
Run output will be captured here: D:/FPGA/verilog/counter/counter.runs/impl_1/runme.log
set_property PROBES.FILE {} [get_hw_devices xc7a35t_0]
set_property FULL_PROBES.FILE {} [get_hw_devices xc7a35t_0]
set_property PROGRAM.FILE {D:/FPGA/verilog/counter/counter.runs/impl_1/counter_top.bit} [get_hw_devices xc7a35t_0]
program_hw_devices [get_hw_devices xc7a35t_0]
INFO: [Labtools 27-3164] End of startup status: HIGH
refresh_hw_device [lindex [get_hw_devices xc7a35t_0] 0]
INFO: [Labtools 27-1434] Device xc7a35t (JTAG device index = 0) is programmed with a design that has no supported debug core(s) in it.
exit
INFO: [Common 17-206] Exiting Vivado at Fri Jun 21 23:47:03 2024...
