#-----------------------------------------------------------
# Vivado v2019.1 (64-bit)
# SW Build 2552052 on Fri May 24 14:49:42 MDT 2019
# IP Build 2548770 on Fri May 24 18:01:18 MDT 2019
# Start of session at: Fri Jun 14 11:31:24 2024
# Process ID: 11116
# Current directory: D:/FPGA/verilog/counter
# Command line: vivado.exe -gui_launcher_event rodinguilauncherevent18988 D:\FPGA\verilog\counter\counter.xpr
# Log file: D:/FPGA/verilog/counter/vivado.log
# Journal file: D:/FPGA/verilog/counter\vivado.jou
#-----------------------------------------------------------
start_gui
open_project D:/FPGA/verilog/counter/counter.xpr
Scanning sources...
Finished scanning sources
INFO: [IP_Flow 19-234] Refreshing IP repositories
INFO: [IP_Flow 19-1704] No user IP repositories specified
INFO: [IP_Flow 19-2313] Loaded Vivado IP repository 'D:/Vivado/Vivado/2019.1/data/ip'.
update_compile_order -fileset sources_1
file mkdir D:/FPGA/verilog/counter/counter.srcs/sim_1/new
set_property SOURCE_SET sources_1 [get_filesets sim_1]
close [ open D:/FPGA/verilog/counter/counter.srcs/sim_1/new/counter_top_tb.v w ]
add_files -fileset sim_1 D:/FPGA/verilog/counter/counter.srcs/sim_1/new/counter_top_tb.v
update_compile_order -fileset sim_1
launch_simulation
INFO: [Vivado 12-5682] Launching behavioral simulation in 'D:/FPGA/verilog/counter/counter.sim/sim_1/behav/xsim'
INFO: [SIM-utils-51] Simulation object is 'sim_1'
INFO: [SIM-utils-54] Inspecting design source files for 'counter_top' in fileset 'sim_1'...
INFO: [USF-XSim-97] Finding global include files...
INFO: [USF-XSim-98] Fetching design files from 'sim_1'...
INFO: [USF-XSim-2] XSim::Compile design
INFO: [USF-XSim-61] Executing 'COMPILE and ANALYZE' step in 'D:/FPGA/verilog/counter/counter.sim/sim_1/behav/xsim'
"xvlog --incr --relax -prj counter_top_vlog.prj"
INFO: [VRFC 10-2263] Analyzing Verilog file "D:/FPGA/verilog/counter/counter.srcs/sources_1/new/conuter_1HZ.v" into library xil_defaultlib
INFO: [VRFC 10-311] analyzing module conuter_1HZ
INFO: [VRFC 10-2263] Analyzing Verilog file "D:/FPGA/verilog/counter/counter.srcs/sources_1/new/counter.v" into library xil_defaultlib
INFO: [VRFC 10-311] analyzing module counter
INFO: [VRFC 10-2263] Analyzing Verilog file "D:/FPGA/verilog/counter/counter.srcs/sources_1/new/smg_drive.v" into library xil_defaultlib
INFO: [VRFC 10-311] analyzing module smg_drive
INFO: [VRFC 10-2263] Analyzing Verilog file "D:/FPGA/verilog/counter/counter.srcs/sources_1/new/counter_top.v" into library xil_defaultlib
INFO: [VRFC 10-311] analyzing module counter_top
INFO: [VRFC 10-2263] Analyzing Verilog file "D:/FPGA/verilog/counter/counter.sim/sim_1/behav/xsim/glbl.v" into library xil_defaultlib
INFO: [VRFC 10-311] analyzing module glbl
INFO: [USF-XSim-69] 'compile' step finished in '1' seconds
INFO: [USF-XSim-3] XSim::Elaborate design
INFO: [USF-XSim-61] Executing 'ELABORATE' step in 'D:/FPGA/verilog/counter/counter.sim/sim_1/behav/xsim'
"xelab -wto be559e0f7f4d4bc98e21874dbbeb1cc5 --incr --debug typical --relax --mt 2 -L xil_defaultlib -L unisims_ver -L unimacro_ver -L secureip --snapshot counter_top_behav xil_defaultlib.counter_top xil_defaultlib.glbl -log elaborate.log"
Vivado Simulator 2019.1
Copyright 1986-1999, 2001-2019 Xilinx, Inc. All Rights Reserved.
Running: D:/Vivado/Vivado/2019.1/bin/unwrapped/win64.o/xelab.exe -wto be559e0f7f4d4bc98e21874dbbeb1cc5 --incr --debug typical --relax --mt 2 -L xil_defaultlib -L unisims_ver -L unimacro_ver -L secureip --snapshot counter_top_behav xil_defaultlib.counter_top xil_defaultlib.glbl -log elaborate.log 
Using 2 slave threads.
Starting static elaboration
Completed static elaboration
Starting simulation data flow analysis
Completed simulation data flow analysis
Time Resolution for simulation is 1ps
Compiling module xil_defaultlib.conuter_1HZ
Compiling module xil_defaultlib.counter
Compiling module xil_defaultlib.smg_drive
Compiling module xil_defaultlib.counter_top
Compiling module xil_defaultlib.glbl
Built simulation snapshot counter_top_behav

****** Webtalk v2019.1 (64-bit)
  **** SW Build 2552052 on Fri May 24 14:49:42 MDT 2019
  **** IP Build 2548770 on Fri May 24 18:01:18 MDT 2019
    ** Copyright 1986-2019 Xilinx, Inc. All Rights Reserved.

source D:/FPGA/verilog/counter/counter.sim/sim_1/behav/xsim/xsim.dir/counter_top_behav/webtalk/xsim_webtalk.tcl -notrace
INFO: [Common 17-206] Exiting Webtalk at Fri Jun 14 11:41:50 2024...
INFO: [USF-XSim-69] 'elaborate' step finished in '4' seconds
INFO: [USF-XSim-4] XSim::Simulate design
INFO: [USF-XSim-61] Executing 'SIMULATE' step in 'D:/FPGA/verilog/counter/counter.sim/sim_1/behav/xsim'
INFO: [USF-XSim-98] *** Running xsim
   with args "counter_top_behav -key {Behavioral:sim_1:Functional:counter_top} -tclbatch {counter_top.tcl} -log {simulate.log}"
INFO: [USF-XSim-8] Loading simulator feature
Vivado Simulator 2019.1
Time resolution is 1 ps
source counter_top.tcl
# set curr_wave [current_wave_config]
# if { [string length $curr_wave] == 0 } {
#   if { [llength [get_objects]] > 0} {
#     add_wave /
#     set_property needs_save false [current_wave_config]
#   } else {
#      send_msg_id Add_Wave-1 WARNING "No top level signals found. Simulator will start without a wave window. If you want to open a wave window go to 'File->New Waveform Configuration' or type 'create_wave_config' in the TCL console."
#   }
# }
# run 1000ns
INFO: [USF-XSim-96] XSim completed. Design snapshot 'counter_top_behav' loaded.
INFO: [USF-XSim-97] XSim simulation ran for 1000ns
launch_simulation: Time (s): cpu = 00:00:02 ; elapsed = 00:00:08 . Memory (MB): peak = 880.902 ; gain = 37.488
update_compile_order -fileset sim_1
launch_simulation
boost::filesystem::remove: 另一个程序正在使用此文件，进程无法访问。: "D:/FPGA/verilog/counter/counter.sim/sim_1/behav/xsim/simulate.log"
close_sim
INFO: [Simtcl 6-16] Simulation closed
exit
INFO: [Common 17-206] Exiting Vivado at Fri Jun 14 11:42:55 2024...
