INFO: [VRFC 10-2263] Analyzing Verilog file "D:/FPGA/verilog/clk_div_top/clk_div_top.srcs/sources_1/new/clk_div.v" into library xil_defaultlib
INFO: [VRFC 10-311] analyzing module div1_pmw1
INFO: [VRFC 10-311] analyzing module div1_pmw2
INFO: [VRFC 10-311] analyzing module div1_pmw3
INFO: [VRFC 10-311] analyzing module div1_pmw4
INFO: [VRFC 10-311] analyzing module top_module1
INFO: [VRFC 10-2263] Analyzing Verilog file "D:/FPGA/verilog/clk_div_top/clk_div_top.srcs/sources_1/new/clk_div2.v" into library xil_defaultlib
INFO: [VRFC 10-311] analyzing module div2_pmw1
INFO: [VRFC 10-311] analyzing module div2_pmw2
INFO: [VRFC 10-311] analyzing module div2_pmw3
INFO: [VRFC 10-311] analyzing module div2_pmw4
INFO: [VRFC 10-311] analyzing module top_module2
INFO: [VRFC 10-2263] Analyzing Verilog file "D:/FPGA/verilog/clk_div_top/clk_div_top.srcs/sources_1/new/clk_div3.v" into library xil_defaultlib
INFO: [VRFC 10-311] analyzing module div3_pmw1
INFO: [VRFC 10-311] analyzing module div3_pmw2
INFO: [VRFC 10-311] analyzing module div3_pmw3
INFO: [VRFC 10-311] analyzing module div3_pmw4
INFO: [VRFC 10-311] analyzing module top_module3
INFO: [VRFC 10-2263] Analyzing Verilog file "D:/FPGA/verilog/clk_div_top/clk_div_top.srcs/sources_1/new/clk_div4.v" into library xil_defaultlib
INFO: [VRFC 10-311] analyzing module div4_pmw1
INFO: [VRFC 10-311] analyzing module div4_pmw2
INFO: [VRFC 10-311] analyzing module div4_pmw3
INFO: [VRFC 10-311] analyzing module div4_pmw4
INFO: [VRFC 10-311] analyzing module top_module4
INFO: [VRFC 10-2263] Analyzing Verilog file "D:/FPGA/verilog/clk_div_top/clk_div_top.srcs/sources_1/new/clk_div_pmw.v" into library xil_defaultlib
INFO: [VRFC 10-311] analyzing module top_module
INFO: [VRFC 10-2263] Analyzing Verilog file "D:/FPGA/verilog/clk_div_top/clk_div_top.srcs/sources_1/new/clk_div_pmw_tb.v" into library xil_defaultlib
INFO: [VRFC 10-311] analyzing module tb_div_pmw
INFO: [VRFC 10-2263] Analyzing Verilog file "D:/FPGA/verilog/clk_div_top/clk_div_top.sim/sim_1/behav/xsim/glbl.v" into library xil_defaultlib
INFO: [VRFC 10-311] analyzing module glbl
